[2023-09-05 12:18:48] local.ERROR: syntax error, unexpected token "&" {"view":{"view":"/home/elvis/Projects/CUSTOMERS/URBE/urbe.university/resources/views/website/page.blade.php","data":[]},"userId":1,"exception":"[object] (Spatie\\LaravelIgnition\\Exceptions\\ViewException(code: 0): syntax error, unexpected token \"&\" at /home/elvis/Projects/CUSTOMERS/URBE/urbe.university/storage/framework/views/ad3a7ed4727363c57d5767e1b9a6c84a.php(20) : eval()'d code:127)
[stacktrace]
#0 /home/elvis/Projects/CUSTOMERS/URBE/urbe.university/vendor/laravel/framework/src/Illuminate/Filesystem/Filesystem.php(124): require()
#1 /home/elvis/Projects/CUSTOMERS/URBE/urbe.university/vendor/laravel/framework/src/Illuminate/Filesystem/Filesystem.php(125): Illuminate\\Filesystem\\Filesystem::Illuminate\\Filesystem\\{closure}()
#2 /home/elvis/Projects/CUSTOMERS/URBE/urbe.university/vendor/laravel/framework/src/Illuminate/View/Engines/PhpEngine.php(58): Illuminate\\Filesystem\\Filesystem->getRequire()
#3 /home/elvis/Projects/CUSTOMERS/URBE/urbe.university/vendor/livewire/livewire/src/ComponentConcerns/RendersLivewireComponents.php(69): Illuminate\\View\\Engines\\PhpEngine->evaluatePath()
#4 /home/elvis/Projects/CUSTOMERS/URBE/urbe.university/vendor/laravel/framework/src/Illuminate/View/Engines/CompilerEngine.php(72): Livewire\\LivewireViewCompilerEngine->evaluatePath()
#5 /home/elvis/Projects/CUSTOMERS/URBE/urbe.university/vendor/livewire/livewire/src/ComponentConcerns/RendersLivewireComponents.php(35): Illuminate\\View\\Engines\\CompilerEngine->get()
#6 /home/elvis/Projects/CUSTOMERS/URBE/urbe.university/vendor/laravel/framework/src/Illuminate/View/View.php(195): Livewire\\LivewireViewCompilerEngine->get()
#7 /home/elvis/Projects/CUSTOMERS/URBE/urbe.university/vendor/laravel/framework/src/Illuminate/View/View.php(178): Illuminate\\View\\View->getContents()
#8 /home/elvis/Projects/CUSTOMERS/URBE/urbe.university/vendor/laravel/framework/src/Illuminate/View/View.php(147): Illuminate\\View\\View->renderContents()
#9 /home/elvis/Projects/CUSTOMERS/URBE/urbe.university/vendor/laravel/framework/src/Illuminate/Http/Response.php(69): Illuminate\\View\\View->render()
#10 /home/elvis/Projects/CUSTOMERS/URBE/urbe.university/vendor/laravel/framework/src/Illuminate/Http/Response.php(35): Illuminate\\Http\\Response->setContent()
#11 /home/elvis/Projects/CUSTOMERS/URBE/urbe.university/vendor/laravel/framework/src/Illuminate/Routing/Router.php(911): Illuminate\\Http\\Response->__construct()
#12 /home/elvis/Projects/CUSTOMERS/URBE/urbe.university/vendor/laravel/framework/src/Illuminate/Routing/Router.php(878): Illuminate\\Routing\\Router::toResponse()
#13 /home/elvis/Projects/CUSTOMERS/URBE/urbe.university/vendor/laravel/framework/src/Illuminate/Routing/Router.php(799): Illuminate\\Routing\\Router->prepareResponse()
#14 /home/elvis/Projects/CUSTOMERS/URBE/urbe.university/vendor/laravel/framework/src/Illuminate/Pipeline/Pipeline.php(141): Illuminate\\Routing\\Router->Illuminate\\Routing\\{closure}()
#15 /home/elvis/Projects/CUSTOMERS/URBE/urbe.university/app/Http/Middleware/ParseShortcodes.php(19): Illuminate\\Pipeline\\Pipeline->Illuminate\\Pipeline\\{closure}()
#16 /home/elvis/Projects/CUSTOMERS/URBE/urbe.university/vendor/laravel/framework/src/Illuminate/Pipeline/Pipeline.php(180): App\\Http\\Middleware\\ParseShortcodes->handle()
#17 /home/elvis/Projects/CUSTOMERS/URBE/urbe.university/vendor/laravel/framework/src/Illuminate/Routing/Middleware/SubstituteBindings.php(50): Illuminate\\Pipeline\\Pipeline->Illuminate\\Pipeline\\{closure}()
#18 /home/elvis/Projects/CUSTOMERS/URBE/urbe.university/vendor/laravel/framework/src/Illuminate/Pipeline/Pipeline.php(180): Illuminate\\Routing\\Middleware\\SubstituteBindings->handle()
#19 /home/elvis/Projects/CUSTOMERS/URBE/urbe.university/vendor/laravel/framework/src/Illuminate/Foundation/Http/Middleware/VerifyCsrfToken.php(78): Illuminate\\Pipeline\\Pipeline->Illuminate\\Pipeline\\{closure}()
#20 /home/elvis/Projects/CUSTOMERS/URBE/urbe.university/vendor/laravel/framework/src/Illuminate/Pipeline/Pipeline.php(180): Illuminate\\Foundation\\Http\\Middleware\\VerifyCsrfToken->handle()
#21 /home/elvis/Projects/CUSTOMERS/URBE/urbe.university/vendor/laravel/framework/src/Illuminate/View/Middleware/ShareErrorsFromSession.php(49): Illuminate\\Pipeline\\Pipeline->Illuminate\\Pipeline\\{closure}()
#22 /home/elvis/Projects/CUSTOMERS/URBE/urbe.university/vendor/laravel/framework/src/Illuminate/Pipeline/Pipeline.php(180): Illuminate\\View\\Middleware\\ShareErrorsFromSession->handle()
#23 /home/elvis/Projects/CUSTOMERS/URBE/urbe.university/vendor/laravel/framework/src/Illuminate/Session/Middleware/StartSession.php(121): Illuminate\\Pipeline\\Pipeline->Illuminate\\Pipeline\\{closure}()
#24 /home/elvis/Projects/CUSTOMERS/URBE/urbe.university/vendor/laravel/framework/src/Illuminate/Session/Middleware/StartSession.php(64): Illuminate\\Session\\Middleware\\StartSession->handleStatefulRequest()
#25 /home/elvis/Projects/CUSTOMERS/URBE/urbe.university/vendor/laravel/framework/src/Illuminate/Pipeline/Pipeline.php(180): Illuminate\\Session\\Middleware\\StartSession->handle()
#26 /home/elvis/Projects/CUSTOMERS/URBE/urbe.university/vendor/laravel/framework/src/Illuminate/Cookie/Middleware/AddQueuedCookiesToResponse.php(37): Illuminate\\Pipeline\\Pipeline->Illuminate\\Pipeline\\{closure}()
#27 /home/elvis/Projects/CUSTOMERS/URBE/urbe.university/vendor/laravel/framework/src/Illuminate/Pipeline/Pipeline.php(180): Illuminate\\Cookie\\Middleware\\AddQueuedCookiesToResponse->handle()
#28 /home/elvis/Projects/CUSTOMERS/URBE/urbe.university/vendor/laravel/framework/src/Illuminate/Cookie/Middleware/EncryptCookies.php(67): Illuminate\\Pipeline\\Pipeline->Illuminate\\Pipeline\\{closure}()
#29 /home/elvis/Projects/CUSTOMERS/URBE/urbe.university/vendor/laravel/framework/src/Illuminate/Pipeline/Pipeline.php(180): Illuminate\\Cookie\\Middleware\\EncryptCookies->handle()
#30 /home/elvis/Projects/CUSTOMERS/URBE/urbe.university/vendor/laravel/framework/src/Illuminate/Pipeline/Pipeline.php(116): Illuminate\\Pipeline\\Pipeline->Illuminate\\Pipeline\\{closure}()
#31 /home/elvis/Projects/CUSTOMERS/URBE/urbe.university/vendor/laravel/framework/src/Illuminate/Routing/Router.php(800): Illuminate\\Pipeline\\Pipeline->then()
#32 /home/elvis/Projects/CUSTOMERS/URBE/urbe.university/vendor/laravel/framework/src/Illuminate/Routing/Router.php(777): Illuminate\\Routing\\Router->runRouteWithinStack()
#33 /home/elvis/Projects/CUSTOMERS/URBE/urbe.university/vendor/laravel/framework/src/Illuminate/Routing/Router.php(741): Illuminate\\Routing\\Router->runRoute()
#34 /home/elvis/Projects/CUSTOMERS/URBE/urbe.university/vendor/laravel/framework/src/Illuminate/Routing/Router.php(730): Illuminate\\Routing\\Router->dispatchToRoute()
#35 /home/elvis/Projects/CUSTOMERS/URBE/urbe.university/vendor/laravel/framework/src/Illuminate/Foundation/Http/Kernel.php(200): Illuminate\\Routing\\Router->dispatch()
#36 /home/elvis/Projects/CUSTOMERS/URBE/urbe.university/vendor/laravel/framework/src/Illuminate/Pipeline/Pipeline.php(141): Illuminate\\Foundation\\Http\\Kernel->Illuminate\\Foundation\\Http\\{closure}()
#37 /home/elvis/Projects/CUSTOMERS/URBE/urbe.university/vendor/livewire/livewire/src/DisableBrowserCache.php(19): Illuminate\\Pipeline\\Pipeline->Illuminate\\Pipeline\\{closure}()
#38 /home/elvis/Projects/CUSTOMERS/URBE/urbe.university/vendor/laravel/framework/src/Illuminate/Pipeline/Pipeline.php(180): Livewire\\DisableBrowserCache->handle()
#39 /home/elvis/Projects/CUSTOMERS/URBE/urbe.university/vendor/barryvdh/laravel-debugbar/src/Middleware/InjectDebugbar.php(66): Illuminate\\Pipeline\\Pipeline->Illuminate\\Pipeline\\{closure}()
#40 /home/elvis/Projects/CUSTOMERS/URBE/urbe.university/vendor/laravel/framework/src/Illuminate/Pipeline/Pipeline.php(180): Barryvdh\\Debugbar\\Middleware\\InjectDebugbar->handle()
#41 /home/elvis/Projects/CUSTOMERS/URBE/urbe.university/vendor/laravel/framework/src/Illuminate/Foundation/Http/Middleware/TransformsRequest.php(21): Illuminate\\Pipeline\\Pipeline->Illuminate\\Pipeline\\{closure}()
#42 /home/elvis/Projects/CUSTOMERS/URBE/urbe.university/vendor/laravel/framework/src/Illuminate/Foundation/Http/Middleware/ConvertEmptyStringsToNull.php(31): Illuminate\\Foundation\\Http\\Middleware\\TransformsRequest->handle()
#43 /home/elvis/Projects/CUSTOMERS/URBE/urbe.university/vendor/laravel/framework/src/Illuminate/Pipeline/Pipeline.php(180): Illuminate\\Foundation\\Http\\Middleware\\ConvertEmptyStringsToNull->handle()
#44 /home/elvis/Projects/CUSTOMERS/URBE/urbe.university/vendor/laravel/framework/src/Illuminate/Foundation/Http/Middleware/TransformsRequest.php(21): Illuminate\\Pipeline\\Pipeline->Illuminate\\Pipeline\\{closure}()
#45 /home/elvis/Projects/CUSTOMERS/URBE/urbe.university/vendor/laravel/framework/src/Illuminate/Foundation/Http/Middleware/TrimStrings.php(40): Illuminate\\Foundation\\Http\\Middleware\\TransformsRequest->handle()
#46 /home/elvis/Projects/CUSTOMERS/URBE/urbe.university/vendor/laravel/framework/src/Illuminate/Pipeline/Pipeline.php(180): Illuminate\\Foundation\\Http\\Middleware\\TrimStrings->handle()
#47 /home/elvis/Projects/CUSTOMERS/URBE/urbe.university/vendor/laravel/framework/src/Illuminate/Foundation/Http/Middleware/ValidatePostSize.php(27): Illuminate\\Pipeline\\Pipeline->Illuminate\\Pipeline\\{closure}()
#48 /home/elvis/Projects/CUSTOMERS/URBE/urbe.university/vendor/laravel/framework/src/Illuminate/Pipeline/Pipeline.php(180): Illuminate\\Foundation\\Http\\Middleware\\ValidatePostSize->handle()
#49 /home/elvis/Projects/CUSTOMERS/URBE/urbe.university/vendor/laravel/framework/src/Illuminate/Foundation/Http/Middleware/PreventRequestsDuringMaintenance.php(89): Illuminate\\Pipeline\\Pipeline->Illuminate\\Pipeline\\{closure}()
#50 /home/elvis/Projects/CUSTOMERS/URBE/urbe.university/vendor/laravel/framework/src/Illuminate/Pipeline/Pipeline.php(180): Illuminate\\Foundation\\Http\\Middleware\\PreventRequestsDuringMaintenance->handle()
#51 /home/elvis/Projects/CUSTOMERS/URBE/urbe.university/vendor/laravel/framework/src/Illuminate/Http/Middleware/HandleCors.php(49): Illuminate\\Pipeline\\Pipeline->Illuminate\\Pipeline\\{closure}()
#52 /home/elvis/Projects/CUSTOMERS/URBE/urbe.university/vendor/laravel/framework/src/Illuminate/Pipeline/Pipeline.php(180): Illuminate\\Http\\Middleware\\HandleCors->handle()
#53 /home/elvis/Projects/CUSTOMERS/URBE/urbe.university/vendor/laravel/framework/src/Illuminate/Http/Middleware/TrustProxies.php(39): Illuminate\\Pipeline\\Pipeline->Illuminate\\Pipeline\\{closure}()
#54 /home/elvis/Projects/CUSTOMERS/URBE/urbe.university/vendor/laravel/framework/src/Illuminate/Pipeline/Pipeline.php(180): Illuminate\\Http\\Middleware\\TrustProxies->handle()
#55 /home/elvis/Projects/CUSTOMERS/URBE/urbe.university/vendor/laravel/framework/src/Illuminate/Pipeline/Pipeline.php(116): Illuminate\\Pipeline\\Pipeline->Illuminate\\Pipeline\\{closure}()
#56 /home/elvis/Projects/CUSTOMERS/URBE/urbe.university/vendor/laravel/framework/src/Illuminate/Foundation/Http/Kernel.php(175): Illuminate\\Pipeline\\Pipeline->then()
#57 /home/elvis/Projects/CUSTOMERS/URBE/urbe.university/vendor/laravel/framework/src/Illuminate/Foundation/Http/Kernel.php(144): Illuminate\\Foundation\\Http\\Kernel->sendRequestThroughRouter()
#58 /home/elvis/Projects/CUSTOMERS/URBE/urbe.university/public/index.php(52): Illuminate\\Foundation\\Http\\Kernel->handle()
#59 /home/elvis/Projects/CUSTOMERS/URBE/urbe.university/vendor/laravel/framework/src/Illuminate/Foundation/resources/server.php(16): require_once('...')
#60 {main}

[previous exception] [object] (ParseError(code: 0): syntax error, unexpected token \"&\" at /home/elvis/Projects/CUSTOMERS/URBE/urbe.university/storage/framework/views/ad3a7ed4727363c57d5767e1b9a6c84a.php(20) : eval()'d code:127)
[stacktrace]
#0 /home/elvis/Projects/CUSTOMERS/URBE/urbe.university/vendor/laravel/framework/src/Illuminate/Filesystem/Filesystem.php(124): require()
#1 /home/elvis/Projects/CUSTOMERS/URBE/urbe.university/vendor/laravel/framework/src/Illuminate/Filesystem/Filesystem.php(125): Illuminate\\Filesystem\\Filesystem::Illuminate\\Filesystem\\{closure}()
#2 /home/elvis/Projects/CUSTOMERS/URBE/urbe.university/vendor/laravel/framework/src/Illuminate/View/Engines/PhpEngine.php(58): Illuminate\\Filesystem\\Filesystem->getRequire()
#3 /home/elvis/Projects/CUSTOMERS/URBE/urbe.university/vendor/livewire/livewire/src/ComponentConcerns/RendersLivewireComponents.php(69): Illuminate\\View\\Engines\\PhpEngine->evaluatePath()
#4 /home/elvis/Projects/CUSTOMERS/URBE/urbe.university/vendor/laravel/framework/src/Illuminate/View/Engines/CompilerEngine.php(72): Livewire\\LivewireViewCompilerEngine->evaluatePath()
#5 /home/elvis/Projects/CUSTOMERS/URBE/urbe.university/vendor/livewire/livewire/src/ComponentConcerns/RendersLivewireComponents.php(35): Illuminate\\View\\Engines\\CompilerEngine->get()
#6 /home/elvis/Projects/CUSTOMERS/URBE/urbe.university/vendor/laravel/framework/src/Illuminate/View/View.php(195): Livewire\\LivewireViewCompilerEngine->get()
#7 /home/elvis/Projects/CUSTOMERS/URBE/urbe.university/vendor/laravel/framework/src/Illuminate/View/View.php(178): Illuminate\\View\\View->getContents()
#8 /home/elvis/Projects/CUSTOMERS/URBE/urbe.university/vendor/laravel/framework/src/Illuminate/View/View.php(147): Illuminate\\View\\View->renderContents()
#9 /home/elvis/Projects/CUSTOMERS/URBE/urbe.university/vendor/laravel/framework/src/Illuminate/Http/Response.php(69): Illuminate\\View\\View->render()
#10 /home/elvis/Projects/CUSTOMERS/URBE/urbe.university/vendor/laravel/framework/src/Illuminate/Http/Response.php(35): Illuminate\\Http\\Response->setContent()
#11 /home/elvis/Projects/CUSTOMERS/URBE/urbe.university/vendor/laravel/framework/src/Illuminate/Routing/Router.php(911): Illuminate\\Http\\Response->__construct()
#12 /home/elvis/Projects/CUSTOMERS/URBE/urbe.university/vendor/laravel/framework/src/Illuminate/Routing/Router.php(878): Illuminate\\Routing\\Router::toResponse()
#13 /home/elvis/Projects/CUSTOMERS/URBE/urbe.university/vendor/laravel/framework/src/Illuminate/Routing/Router.php(799): Illuminate\\Routing\\Router->prepareResponse()
#14 /home/elvis/Projects/CUSTOMERS/URBE/urbe.university/vendor/laravel/framework/src/Illuminate/Pipeline/Pipeline.php(141): Illuminate\\Routing\\Router->Illuminate\\Routing\\{closure}()
#15 /home/elvis/Projects/CUSTOMERS/URBE/urbe.university/app/Http/Middleware/ParseShortcodes.php(19): Illuminate\\Pipeline\\Pipeline->Illuminate\\Pipeline\\{closure}()
#16 /home/elvis/Projects/CUSTOMERS/URBE/urbe.university/vendor/laravel/framework/src/Illuminate/Pipeline/Pipeline.php(180): App\\Http\\Middleware\\ParseShortcodes->handle()
#17 /home/elvis/Projects/CUSTOMERS/URBE/urbe.university/vendor/laravel/framework/src/Illuminate/Routing/Middleware/SubstituteBindings.php(50): Illuminate\\Pipeline\\Pipeline->Illuminate\\Pipeline\\{closure}()
#18 /home/elvis/Projects/CUSTOMERS/URBE/urbe.university/vendor/laravel/framework/src/Illuminate/Pipeline/Pipeline.php(180): Illuminate\\Routing\\Middleware\\SubstituteBindings->handle()
#19 /home/elvis/Projects/CUSTOMERS/URBE/urbe.university/vendor/laravel/framework/src/Illuminate/Foundation/Http/Middleware/VerifyCsrfToken.php(78): Illuminate\\Pipeline\\Pipeline->Illuminate\\Pipeline\\{closure}()
#20 /home/elvis/Projects/CUSTOMERS/URBE/urbe.university/vendor/laravel/framework/src/Illuminate/Pipeline/Pipeline.php(180): Illuminate\\Foundation\\Http\\Middleware\\VerifyCsrfToken->handle()
#21 /home/elvis/Projects/CUSTOMERS/URBE/urbe.university/vendor/laravel/framework/src/Illuminate/View/Middleware/ShareErrorsFromSession.php(49): Illuminate\\Pipeline\\Pipeline->Illuminate\\Pipeline\\{closure}()
#22 /home/elvis/Projects/CUSTOMERS/URBE/urbe.university/vendor/laravel/framework/src/Illuminate/Pipeline/Pipeline.php(180): Illuminate\\View\\Middleware\\ShareErrorsFromSession->handle()
#23 /home/elvis/Projects/CUSTOMERS/URBE/urbe.university/vendor/laravel/framework/src/Illuminate/Session/Middleware/StartSession.php(121): Illuminate\\Pipeline\\Pipeline->Illuminate\\Pipeline\\{closure}()
#24 /home/elvis/Projects/CUSTOMERS/URBE/urbe.university/vendor/laravel/framework/src/Illuminate/Session/Middleware/StartSession.php(64): Illuminate\\Session\\Middleware\\StartSession->handleStatefulRequest()
#25 /home/elvis/Projects/CUSTOMERS/URBE/urbe.university/vendor/laravel/framework/src/Illuminate/Pipeline/Pipeline.php(180): Illuminate\\Session\\Middleware\\StartSession->handle()
#26 /home/elvis/Projects/CUSTOMERS/URBE/urbe.university/vendor/laravel/framework/src/Illuminate/Cookie/Middleware/AddQueuedCookiesToResponse.php(37): Illuminate\\Pipeline\\Pipeline->Illuminate\\Pipeline\\{closure}()
#27 /home/elvis/Projects/CUSTOMERS/URBE/urbe.university/vendor/laravel/framework/src/Illuminate/Pipeline/Pipeline.php(180): Illuminate\\Cookie\\Middleware\\AddQueuedCookiesToResponse->handle()
#28 /home/elvis/Projects/CUSTOMERS/URBE/urbe.university/vendor/laravel/framework/src/Illuminate/Cookie/Middleware/EncryptCookies.php(67): Illuminate\\Pipeline\\Pipeline->Illuminate\\Pipeline\\{closure}()
#29 /home/elvis/Projects/CUSTOMERS/URBE/urbe.university/vendor/laravel/framework/src/Illuminate/Pipeline/Pipeline.php(180): Illuminate\\Cookie\\Middleware\\EncryptCookies->handle()
#30 /home/elvis/Projects/CUSTOMERS/URBE/urbe.university/vendor/laravel/framework/src/Illuminate/Pipeline/Pipeline.php(116): Illuminate\\Pipeline\\Pipeline->Illuminate\\Pipeline\\{closure}()
#31 /home/elvis/Projects/CUSTOMERS/URBE/urbe.university/vendor/laravel/framework/src/Illuminate/Routing/Router.php(800): Illuminate\\Pipeline\\Pipeline->then()
#32 /home/elvis/Projects/CUSTOMERS/URBE/urbe.university/vendor/laravel/framework/src/Illuminate/Routing/Router.php(777): Illuminate\\Routing\\Router->runRouteWithinStack()
#33 /home/elvis/Projects/CUSTOMERS/URBE/urbe.university/vendor/laravel/framework/src/Illuminate/Routing/Router.php(741): Illuminate\\Routing\\Router->runRoute()
#34 /home/elvis/Projects/CUSTOMERS/URBE/urbe.university/vendor/laravel/framework/src/Illuminate/Routing/Router.php(730): Illuminate\\Routing\\Router->dispatchToRoute()
#35 /home/elvis/Projects/CUSTOMERS/URBE/urbe.university/vendor/laravel/framework/src/Illuminate/Foundation/Http/Kernel.php(200): Illuminate\\Routing\\Router->dispatch()
#36 /home/elvis/Projects/CUSTOMERS/URBE/urbe.university/vendor/laravel/framework/src/Illuminate/Pipeline/Pipeline.php(141): Illuminate\\Foundation\\Http\\Kernel->Illuminate\\Foundation\\Http\\{closure}()
#37 /home/elvis/Projects/CUSTOMERS/URBE/urbe.university/vendor/livewire/livewire/src/DisableBrowserCache.php(19): Illuminate\\Pipeline\\Pipeline->Illuminate\\Pipeline\\{closure}()
#38 /home/elvis/Projects/CUSTOMERS/URBE/urbe.university/vendor/laravel/framework/src/Illuminate/Pipeline/Pipeline.php(180): Livewire\\DisableBrowserCache->handle()
#39 /home/elvis/Projects/CUSTOMERS/URBE/urbe.university/vendor/barryvdh/laravel-debugbar/src/Middleware/InjectDebugbar.php(66): Illuminate\\Pipeline\\Pipeline->Illuminate\\Pipeline\\{closure}()
#40 /home/elvis/Projects/CUSTOMERS/URBE/urbe.university/vendor/laravel/framework/src/Illuminate/Pipeline/Pipeline.php(180): Barryvdh\\Debugbar\\Middleware\\InjectDebugbar->handle()
#41 /home/elvis/Projects/CUSTOMERS/URBE/urbe.university/vendor/laravel/framework/src/Illuminate/Foundation/Http/Middleware/TransformsRequest.php(21): Illuminate\\Pipeline\\Pipeline->Illuminate\\Pipeline\\{closure}()
#42 /home/elvis/Projects/CUSTOMERS/URBE/urbe.university/vendor/laravel/framework/src/Illuminate/Foundation/Http/Middleware/ConvertEmptyStringsToNull.php(31): Illuminate\\Foundation\\Http\\Middleware\\TransformsRequest->handle()
#43 /home/elvis/Projects/CUSTOMERS/URBE/urbe.university/vendor/laravel/framework/src/Illuminate/Pipeline/Pipeline.php(180): Illuminate\\Foundation\\Http\\Middleware\\ConvertEmptyStringsToNull->handle()
#44 /home/elvis/Projects/CUSTOMERS/URBE/urbe.university/vendor/laravel/framework/src/Illuminate/Foundation/Http/Middleware/TransformsRequest.php(21): Illuminate\\Pipeline\\Pipeline->Illuminate\\Pipeline\\{closure}()
#45 /home/elvis/Projects/CUSTOMERS/URBE/urbe.university/vendor/laravel/framework/src/Illuminate/Foundation/Http/Middleware/TrimStrings.php(40): Illuminate\\Foundation\\Http\\Middleware\\TransformsRequest->handle()
#46 /home/elvis/Projects/CUSTOMERS/URBE/urbe.university/vendor/laravel/framework/src/Illuminate/Pipeline/Pipeline.php(180): Illuminate\\Foundation\\Http\\Middleware\\TrimStrings->handle()
#47 /home/elvis/Projects/CUSTOMERS/URBE/urbe.university/vendor/laravel/framework/src/Illuminate/Foundation/Http/Middleware/ValidatePostSize.php(27): Illuminate\\Pipeline\\Pipeline->Illuminate\\Pipeline\\{closure}()
#48 /home/elvis/Projects/CUSTOMERS/URBE/urbe.university/vendor/laravel/framework/src/Illuminate/Pipeline/Pipeline.php(180): Illuminate\\Foundation\\Http\\Middleware\\ValidatePostSize->handle()
#49 /home/elvis/Projects/CUSTOMERS/URBE/urbe.university/vendor/laravel/framework/src/Illuminate/Foundation/Http/Middleware/PreventRequestsDuringMaintenance.php(89): Illuminate\\Pipeline\\Pipeline->Illuminate\\Pipeline\\{closure}()
#50 /home/elvis/Projects/CUSTOMERS/URBE/urbe.university/vendor/laravel/framework/src/Illuminate/Pipeline/Pipeline.php(180): Illuminate\\Foundation\\Http\\Middleware\\PreventRequestsDuringMaintenance->handle()
#51 /home/elvis/Projects/CUSTOMERS/URBE/urbe.university/vendor/laravel/framework/src/Illuminate/Http/Middleware/HandleCors.php(49): Illuminate\\Pipeline\\Pipeline->Illuminate\\Pipeline\\{closure}()
#52 /home/elvis/Projects/CUSTOMERS/URBE/urbe.university/vendor/laravel/framework/src/Illuminate/Pipeline/Pipeline.php(180): Illuminate\\Http\\Middleware\\HandleCors->handle()
#53 /home/elvis/Projects/CUSTOMERS/URBE/urbe.university/vendor/laravel/framework/src/Illuminate/Http/Middleware/TrustProxies.php(39): Illuminate\\Pipeline\\Pipeline->Illuminate\\Pipeline\\{closure}()
#54 /home/elvis/Projects/CUSTOMERS/URBE/urbe.university/vendor/laravel/framework/src/Illuminate/Pipeline/Pipeline.php(180): Illuminate\\Http\\Middleware\\TrustProxies->handle()
#55 /home/elvis/Projects/CUSTOMERS/URBE/urbe.university/vendor/laravel/framework/src/Illuminate/Pipeline/Pipeline.php(116): Illuminate\\Pipeline\\Pipeline->Illuminate\\Pipeline\\{closure}()
#56 /home/elvis/Projects/CUSTOMERS/URBE/urbe.university/vendor/laravel/framework/src/Illuminate/Foundation/Http/Kernel.php(175): Illuminate\\Pipeline\\Pipeline->then()
#57 /home/elvis/Projects/CUSTOMERS/URBE/urbe.university/vendor/laravel/framework/src/Illuminate/Foundation/Http/Kernel.php(144): Illuminate\\Foundation\\Http\\Kernel->sendRequestThroughRouter()
#58 /home/elvis/Projects/CUSTOMERS/URBE/urbe.university/public/index.php(52): Illuminate\\Foundation\\Http\\Kernel->handle()
#59 /home/elvis/Projects/CUSTOMERS/URBE/urbe.university/vendor/laravel/framework/src/Illuminate/Foundation/resources/server.php(16): require_once('...')
#60 {main}
"} 
[2023-09-05 12:53:04] local.ERROR: syntax error, unexpected token "protected", expecting "]" {"exception":"[object] (ParseError(code: 0): syntax error, unexpected token \"protected\", expecting \"]\" at /home/elvis/Projects/CUSTOMERS/URBE/urbe.university/app/Http/Livewire/Admin/Page/Edit.php:23)
[stacktrace]
#0 /home/elvis/Projects/CUSTOMERS/URBE/urbe.university/vendor/composer/ClassLoader.php(428): Composer\\Autoload\\includeFile()
#1 [internal function]: Composer\\Autoload\\ClassLoader->loadClass()
#2 /home/elvis/Projects/CUSTOMERS/URBE/urbe.university/vendor/laravel/framework/src/Illuminate/Routing/RouteAction.php(91): method_exists()
#3 /home/elvis/Projects/CUSTOMERS/URBE/urbe.university/vendor/laravel/framework/src/Illuminate/Routing/RouteAction.php(47): Illuminate\\Routing\\RouteAction::makeInvokable()
#4 /home/elvis/Projects/CUSTOMERS/URBE/urbe.university/vendor/laravel/framework/src/Illuminate/Routing/Route.php(191): Illuminate\\Routing\\RouteAction::parse()
#5 /home/elvis/Projects/CUSTOMERS/URBE/urbe.university/vendor/laravel/framework/src/Illuminate/Routing/Route.php(172): Illuminate\\Routing\\Route->parseAction()
#6 /home/elvis/Projects/CUSTOMERS/URBE/urbe.university/vendor/laravel/framework/src/Illuminate/Routing/Router.php(662): Illuminate\\Routing\\Route->__construct()
#7 /home/elvis/Projects/CUSTOMERS/URBE/urbe.university/vendor/laravel/framework/src/Illuminate/Routing/Router.php(555): Illuminate\\Routing\\Router->newRoute()
#8 /home/elvis/Projects/CUSTOMERS/URBE/urbe.university/vendor/laravel/framework/src/Illuminate/Routing/Router.php(534): Illuminate\\Routing\\Router->createRoute()
#9 /home/elvis/Projects/CUSTOMERS/URBE/urbe.university/vendor/laravel/framework/src/Illuminate/Routing/Router.php(152): Illuminate\\Routing\\Router->addRoute()
#10 /home/elvis/Projects/CUSTOMERS/URBE/urbe.university/vendor/laravel/framework/src/Illuminate/Routing/RouteRegistrar.php(224): Illuminate\\Routing\\Router->get()
#11 /home/elvis/Projects/CUSTOMERS/URBE/urbe.university/vendor/laravel/framework/src/Illuminate/Routing/RouteRegistrar.php(270): Illuminate\\Routing\\RouteRegistrar->registerRoute()
#12 /home/elvis/Projects/CUSTOMERS/URBE/urbe.university/routes/web.php(69): Illuminate\\Routing\\RouteRegistrar->__call()
#13 /home/elvis/Projects/CUSTOMERS/URBE/urbe.university/vendor/laravel/framework/src/Illuminate/Routing/Router.php(502): Illuminate\\Routing\\RouteFileRegistrar->{closure}()
#14 /home/elvis/Projects/CUSTOMERS/URBE/urbe.university/vendor/laravel/framework/src/Illuminate/Routing/Router.php(458): Illuminate\\Routing\\Router->loadRoutes()
#15 /home/elvis/Projects/CUSTOMERS/URBE/urbe.university/vendor/laravel/framework/src/Illuminate/Routing/RouteRegistrar.php(192): Illuminate\\Routing\\Router->group()
#16 /home/elvis/Projects/CUSTOMERS/URBE/urbe.university/routes/web.php(96): Illuminate\\Routing\\RouteRegistrar->group()
#17 /home/elvis/Projects/CUSTOMERS/URBE/urbe.university/vendor/laravel/framework/src/Illuminate/Routing/RouteFileRegistrar.php(35): require('...')
#18 /home/elvis/Projects/CUSTOMERS/URBE/urbe.university/vendor/laravel/framework/src/Illuminate/Routing/Router.php(504): Illuminate\\Routing\\RouteFileRegistrar->register()
#19 /home/elvis/Projects/CUSTOMERS/URBE/urbe.university/vendor/laravel/framework/src/Illuminate/Routing/Router.php(458): Illuminate\\Routing\\Router->loadRoutes()
#20 /home/elvis/Projects/CUSTOMERS/URBE/urbe.university/vendor/laravel/framework/src/Illuminate/Routing/RouteRegistrar.php(192): Illuminate\\Routing\\Router->group()
#21 /home/elvis/Projects/CUSTOMERS/URBE/urbe.university/app/Providers/RouteServiceProvider.php(37): Illuminate\\Routing\\RouteRegistrar->group()
#22 /home/elvis/Projects/CUSTOMERS/URBE/urbe.university/vendor/laravel/framework/src/Illuminate/Container/BoundMethod.php(36): App\\Providers\\RouteServiceProvider->App\\Providers\\{closure}()
#23 /home/elvis/Projects/CUSTOMERS/URBE/urbe.university/vendor/laravel/framework/src/Illuminate/Container/Util.php(41): Illuminate\\Container\\BoundMethod::Illuminate\\Container\\{closure}()
#24 /home/elvis/Projects/CUSTOMERS/URBE/urbe.university/vendor/laravel/framework/src/Illuminate/Container/BoundMethod.php(81): Illuminate\\Container\\Util::unwrapIfClosure()
#25 /home/elvis/Projects/CUSTOMERS/URBE/urbe.university/vendor/laravel/framework/src/Illuminate/Container/BoundMethod.php(37): Illuminate\\Container\\BoundMethod::callBoundMethod()
#26 /home/elvis/Projects/CUSTOMERS/URBE/urbe.university/vendor/laravel/framework/src/Illuminate/Container/Container.php(662): Illuminate\\Container\\BoundMethod::call()
#27 /home/elvis/Projects/CUSTOMERS/URBE/urbe.university/vendor/laravel/framework/src/Illuminate/Foundation/Support/Providers/RouteServiceProvider.php(120): Illuminate\\Container\\Container->call()
#28 /home/elvis/Projects/CUSTOMERS/URBE/urbe.university/vendor/laravel/framework/src/Illuminate/Foundation/Support/Providers/RouteServiceProvider.php(45): Illuminate\\Foundation\\Support\\Providers\\RouteServiceProvider->loadRoutes()
#29 /home/elvis/Projects/CUSTOMERS/URBE/urbe.university/vendor/laravel/framework/src/Illuminate/Container/BoundMethod.php(36): Illuminate\\Foundation\\Support\\Providers\\RouteServiceProvider->Illuminate\\Foundation\\Support\\Providers\\{closure}()
#30 /home/elvis/Projects/CUSTOMERS/URBE/urbe.university/vendor/laravel/framework/src/Illuminate/Container/Util.php(41): Illuminate\\Container\\BoundMethod::Illuminate\\Container\\{closure}()
#31 /home/elvis/Projects/CUSTOMERS/URBE/urbe.university/vendor/laravel/framework/src/Illuminate/Container/BoundMethod.php(81): Illuminate\\Container\\Util::unwrapIfClosure()
#32 /home/elvis/Projects/CUSTOMERS/URBE/urbe.university/vendor/laravel/framework/src/Illuminate/Container/BoundMethod.php(37): Illuminate\\Container\\BoundMethod::callBoundMethod()
#33 /home/elvis/Projects/CUSTOMERS/URBE/urbe.university/vendor/laravel/framework/src/Illuminate/Container/Container.php(662): Illuminate\\Container\\BoundMethod::call()
#34 /home/elvis/Projects/CUSTOMERS/URBE/urbe.university/vendor/laravel/framework/src/Illuminate/Support/ServiceProvider.php(119): Illuminate\\Container\\Container->call()
#35 /home/elvis/Projects/CUSTOMERS/URBE/urbe.university/vendor/laravel/framework/src/Illuminate/Foundation/Application.php(1013): Illuminate\\Support\\ServiceProvider->callBootedCallbacks()
#36 /home/elvis/Projects/CUSTOMERS/URBE/urbe.university/vendor/laravel/framework/src/Illuminate/Foundation/Application.php(991): Illuminate\\Foundation\\Application->bootProvider()
#37 [internal function]: Illuminate\\Foundation\\Application->Illuminate\\Foundation\\{closure}()
#38 /home/elvis/Projects/CUSTOMERS/URBE/urbe.university/vendor/laravel/framework/src/Illuminate/Foundation/Application.php(992): array_walk()
#39 /home/elvis/Projects/CUSTOMERS/URBE/urbe.university/vendor/laravel/framework/src/Illuminate/Foundation/Bootstrap/BootProviders.php(17): Illuminate\\Foundation\\Application->boot()
#40 /home/elvis/Projects/CUSTOMERS/URBE/urbe.university/vendor/laravel/framework/src/Illuminate/Foundation/Application.php(261): Illuminate\\Foundation\\Bootstrap\\BootProviders->bootstrap()
#41 /home/elvis/Projects/CUSTOMERS/URBE/urbe.university/vendor/laravel/framework/src/Illuminate/Foundation/Http/Kernel.php(186): Illuminate\\Foundation\\Application->bootstrapWith()
#42 /home/elvis/Projects/CUSTOMERS/URBE/urbe.university/vendor/laravel/framework/src/Illuminate/Foundation/Http/Kernel.php(170): Illuminate\\Foundation\\Http\\Kernel->bootstrap()
#43 /home/elvis/Projects/CUSTOMERS/URBE/urbe.university/vendor/laravel/framework/src/Illuminate/Foundation/Http/Kernel.php(144): Illuminate\\Foundation\\Http\\Kernel->sendRequestThroughRouter()
#44 /home/elvis/Projects/CUSTOMERS/URBE/urbe.university/public/index.php(52): Illuminate\\Foundation\\Http\\Kernel->handle()
#45 /home/elvis/Projects/CUSTOMERS/URBE/urbe.university/vendor/laravel/framework/src/Illuminate/Foundation/resources/server.php(16): require_once('...')
#46 {main}
"} 
[2023-09-05 12:53:05] local.ERROR: syntax error, unexpected token "protected", expecting "]" {"exception":"[object] (ParseError(code: 0): syntax error, unexpected token \"protected\", expecting \"]\" at /home/elvis/Projects/CUSTOMERS/URBE/urbe.university/app/Http/Livewire/Admin/Page/Edit.php:23)
[stacktrace]
#0 /home/elvis/Projects/CUSTOMERS/URBE/urbe.university/vendor/composer/ClassLoader.php(428): Composer\\Autoload\\includeFile()
#1 [internal function]: Composer\\Autoload\\ClassLoader->loadClass()
#2 /home/elvis/Projects/CUSTOMERS/URBE/urbe.university/vendor/laravel/framework/src/Illuminate/Routing/RouteAction.php(91): method_exists()
#3 /home/elvis/Projects/CUSTOMERS/URBE/urbe.university/vendor/laravel/framework/src/Illuminate/Routing/RouteAction.php(47): Illuminate\\Routing\\RouteAction::makeInvokable()
#4 /home/elvis/Projects/CUSTOMERS/URBE/urbe.university/vendor/laravel/framework/src/Illuminate/Routing/Route.php(191): Illuminate\\Routing\\RouteAction::parse()
#5 /home/elvis/Projects/CUSTOMERS/URBE/urbe.university/vendor/laravel/framework/src/Illuminate/Routing/Route.php(172): Illuminate\\Routing\\Route->parseAction()
#6 /home/elvis/Projects/CUSTOMERS/URBE/urbe.university/vendor/laravel/framework/src/Illuminate/Routing/Router.php(662): Illuminate\\Routing\\Route->__construct()
#7 /home/elvis/Projects/CUSTOMERS/URBE/urbe.university/vendor/laravel/framework/src/Illuminate/Routing/Router.php(555): Illuminate\\Routing\\Router->newRoute()
#8 /home/elvis/Projects/CUSTOMERS/URBE/urbe.university/vendor/laravel/framework/src/Illuminate/Routing/Router.php(534): Illuminate\\Routing\\Router->createRoute()
#9 /home/elvis/Projects/CUSTOMERS/URBE/urbe.university/vendor/laravel/framework/src/Illuminate/Routing/Router.php(152): Illuminate\\Routing\\Router->addRoute()
#10 /home/elvis/Projects/CUSTOMERS/URBE/urbe.university/vendor/laravel/framework/src/Illuminate/Routing/RouteRegistrar.php(224): Illuminate\\Routing\\Router->get()
#11 /home/elvis/Projects/CUSTOMERS/URBE/urbe.university/vendor/laravel/framework/src/Illuminate/Routing/RouteRegistrar.php(270): Illuminate\\Routing\\RouteRegistrar->registerRoute()
#12 /home/elvis/Projects/CUSTOMERS/URBE/urbe.university/routes/web.php(69): Illuminate\\Routing\\RouteRegistrar->__call()
#13 /home/elvis/Projects/CUSTOMERS/URBE/urbe.university/vendor/laravel/framework/src/Illuminate/Routing/Router.php(502): Illuminate\\Routing\\RouteFileRegistrar->{closure}()
#14 /home/elvis/Projects/CUSTOMERS/URBE/urbe.university/vendor/laravel/framework/src/Illuminate/Routing/Router.php(458): Illuminate\\Routing\\Router->loadRoutes()
#15 /home/elvis/Projects/CUSTOMERS/URBE/urbe.university/vendor/laravel/framework/src/Illuminate/Routing/RouteRegistrar.php(192): Illuminate\\Routing\\Router->group()
#16 /home/elvis/Projects/CUSTOMERS/URBE/urbe.university/routes/web.php(96): Illuminate\\Routing\\RouteRegistrar->group()
#17 /home/elvis/Projects/CUSTOMERS/URBE/urbe.university/vendor/laravel/framework/src/Illuminate/Routing/RouteFileRegistrar.php(35): require('...')
#18 /home/elvis/Projects/CUSTOMERS/URBE/urbe.university/vendor/laravel/framework/src/Illuminate/Routing/Router.php(504): Illuminate\\Routing\\RouteFileRegistrar->register()
#19 /home/elvis/Projects/CUSTOMERS/URBE/urbe.university/vendor/laravel/framework/src/Illuminate/Routing/Router.php(458): Illuminate\\Routing\\Router->loadRoutes()
#20 /home/elvis/Projects/CUSTOMERS/URBE/urbe.university/vendor/laravel/framework/src/Illuminate/Routing/RouteRegistrar.php(192): Illuminate\\Routing\\Router->group()
#21 /home/elvis/Projects/CUSTOMERS/URBE/urbe.university/app/Providers/RouteServiceProvider.php(37): Illuminate\\Routing\\RouteRegistrar->group()
#22 /home/elvis/Projects/CUSTOMERS/URBE/urbe.university/vendor/laravel/framework/src/Illuminate/Container/BoundMethod.php(36): App\\Providers\\RouteServiceProvider->App\\Providers\\{closure}()
#23 /home/elvis/Projects/CUSTOMERS/URBE/urbe.university/vendor/laravel/framework/src/Illuminate/Container/Util.php(41): Illuminate\\Container\\BoundMethod::Illuminate\\Container\\{closure}()
#24 /home/elvis/Projects/CUSTOMERS/URBE/urbe.university/vendor/laravel/framework/src/Illuminate/Container/BoundMethod.php(81): Illuminate\\Container\\Util::unwrapIfClosure()
#25 /home/elvis/Projects/CUSTOMERS/URBE/urbe.university/vendor/laravel/framework/src/Illuminate/Container/BoundMethod.php(37): Illuminate\\Container\\BoundMethod::callBoundMethod()
#26 /home/elvis/Projects/CUSTOMERS/URBE/urbe.university/vendor/laravel/framework/src/Illuminate/Container/Container.php(662): Illuminate\\Container\\BoundMethod::call()
#27 /home/elvis/Projects/CUSTOMERS/URBE/urbe.university/vendor/laravel/framework/src/Illuminate/Foundation/Support/Providers/RouteServiceProvider.php(120): Illuminate\\Container\\Container->call()
#28 /home/elvis/Projects/CUSTOMERS/URBE/urbe.university/vendor/laravel/framework/src/Illuminate/Foundation/Support/Providers/RouteServiceProvider.php(45): Illuminate\\Foundation\\Support\\Providers\\RouteServiceProvider->loadRoutes()
#29 /home/elvis/Projects/CUSTOMERS/URBE/urbe.university/vendor/laravel/framework/src/Illuminate/Container/BoundMethod.php(36): Illuminate\\Foundation\\Support\\Providers\\RouteServiceProvider->Illuminate\\Foundation\\Support\\Providers\\{closure}()
#30 /home/elvis/Projects/CUSTOMERS/URBE/urbe.university/vendor/laravel/framework/src/Illuminate/Container/Util.php(41): Illuminate\\Container\\BoundMethod::Illuminate\\Container\\{closure}()
#31 /home/elvis/Projects/CUSTOMERS/URBE/urbe.university/vendor/laravel/framework/src/Illuminate/Container/BoundMethod.php(81): Illuminate\\Container\\Util::unwrapIfClosure()
#32 /home/elvis/Projects/CUSTOMERS/URBE/urbe.university/vendor/laravel/framework/src/Illuminate/Container/BoundMethod.php(37): Illuminate\\Container\\BoundMethod::callBoundMethod()
#33 /home/elvis/Projects/CUSTOMERS/URBE/urbe.university/vendor/laravel/framework/src/Illuminate/Container/Container.php(662): Illuminate\\Container\\BoundMethod::call()
#34 /home/elvis/Projects/CUSTOMERS/URBE/urbe.university/vendor/laravel/framework/src/Illuminate/Support/ServiceProvider.php(119): Illuminate\\Container\\Container->call()
#35 /home/elvis/Projects/CUSTOMERS/URBE/urbe.university/vendor/laravel/framework/src/Illuminate/Foundation/Application.php(1013): Illuminate\\Support\\ServiceProvider->callBootedCallbacks()
#36 /home/elvis/Projects/CUSTOMERS/URBE/urbe.university/vendor/laravel/framework/src/Illuminate/Foundation/Application.php(991): Illuminate\\Foundation\\Application->bootProvider()
#37 [internal function]: Illuminate\\Foundation\\Application->Illuminate\\Foundation\\{closure}()
#38 /home/elvis/Projects/CUSTOMERS/URBE/urbe.university/vendor/laravel/framework/src/Illuminate/Foundation/Application.php(992): array_walk()
#39 /home/elvis/Projects/CUSTOMERS/URBE/urbe.university/vendor/laravel/framework/src/Illuminate/Foundation/Bootstrap/BootProviders.php(17): Illuminate\\Foundation\\Application->boot()
#40 /home/elvis/Projects/CUSTOMERS/URBE/urbe.university/vendor/laravel/framework/src/Illuminate/Foundation/Application.php(261): Illuminate\\Foundation\\Bootstrap\\BootProviders->bootstrap()
#41 /home/elvis/Projects/CUSTOMERS/URBE/urbe.university/vendor/laravel/framework/src/Illuminate/Foundation/Http/Kernel.php(186): Illuminate\\Foundation\\Application->bootstrapWith()
#42 /home/elvis/Projects/CUSTOMERS/URBE/urbe.university/vendor/laravel/framework/src/Illuminate/Foundation/Http/Kernel.php(170): Illuminate\\Foundation\\Http\\Kernel->bootstrap()
#43 /home/elvis/Projects/CUSTOMERS/URBE/urbe.university/vendor/laravel/framework/src/Illuminate/Foundation/Http/Kernel.php(144): Illuminate\\Foundation\\Http\\Kernel->sendRequestThroughRouter()
#44 /home/elvis/Projects/CUSTOMERS/URBE/urbe.university/public/index.php(52): Illuminate\\Foundation\\Http\\Kernel->handle()
#45 /home/elvis/Projects/CUSTOMERS/URBE/urbe.university/vendor/laravel/framework/src/Illuminate/Foundation/resources/server.php(16): require_once('...')
#46 {main}
"} 
